26.01.2021 19:30:57 - Бошко Богојевић uspesna odjava
26.01.2021 19:24:59 - Бошко Богојевић uspesna prijava.
26.01.2021 19:24:53 - Cane Kurbla uspesna odjava
26.01.2021 19:24:09 - Cane Kurbla uspesna prijava.
26.01.2021 19:24:01 - Бошко Богојевић uspesna odjava
26.01.2021 19:21:59 - Бошко Богојевић uspesna prijava.
26.01.2021 19:21:50 - Бошко Богојевић uspesna odjava
26.01.2021 18:41:40 - Бошко Богојевић uspesna prijava.
26.01.2021 18:41:35 - Nedozvoljeni karakteri 'asd sda sda ', 'sdas sd sd as' sa IP adrese ::1.
26.01.2021 18:41:25 - Nedozvoljeni karakteri 'asd=sad=sad=', 'asd asd ad as' sa IP adrese ::1.
26.01.2021 18:41:16 - Бошко Богојевић uspesna odjava
26.01.2021 18:40:33 - Бошко Богојевић uspesna prijava.
26.01.2021 18:40:22 - Nedozvoljeni karakteri 'dfsd=fsdf=sdf', 'sdfds sdf sdf sdf'.
26.01.2021 18:40:00 - Nedozvoljeni karakteri 'sdfsdf=sdfsdf=sdfsdf', ''.
26.01.2021 18:39:50 - bbosko@skola.com pogresna lozinka sdasdasdasd.
26.01.2021 18:39:44 - dfsdds korisnik ne postoji.
26.01.2021 18:39:38 - Бошко Богојевић uspesna odjava
26.01.2021 18:35:41 - Бошко Богојевић uspesna prijava.
26.01.2021 18:35:35 - Pera Peric uspesna odjava
26.01.2021 18:35:33 - Pera Peric uspesna prijava.
26.01.2021 18:35:16 - Cane Kurbla uspesna odjava
26.01.2021 18:35:12 - Cane Kurbla uspesna prijava.
26.01.2021 18:35:04 - Бошко Богојевић uspesna odjava
26.01.2021 18:33:36 - Бошко Богојевић uspesna prijava.
26.01.2021 18:33:22 - Бошко Богојевић uspesna odjava
